<?xml version="1.0" encoding="UTF-8"?>
<!-- Generated by org.testng.reporters.JUnitXMLReporter -->
<testsuite ignored="0" hostname="DESKTOP-ME5PIFD" failures="0" tests="1" name="Default test" time="0.447" errors="0" timestamp="2024-08-02T01:50:14 IST">
  <testcase classname="genricLibOrUtility.BaseClass" name="@BeforeClass launchBrowser" time="0.009">
    <failure type="java.io.FileNotFoundException" message="c:\SeleniumFolder\VtigerCommonData (The system cannot find the path specified)">
      <![CDATA[java.io.FileNotFoundException: c:\SeleniumFolder\VtigerCommonData (The system cannot find the path specified)
at java.base/java.io.FileInputStream.open0(Native Method)
at java.base/java.io.FileInputStream.open(FileInputStream.java:213)
at java.base/java.io.FileInputStream.<init>(FileInputStream.java:152)
at java.base/java.io.FileInputStream.<init>(FileInputStream.java:106)
at genricLibOrUtility.PropertiesUtilityOrLib.getDataFromProperties(PropertiesUtilityOrLib.java:10)
at genricLibOrUtility.BaseClass.launchBrowser(BaseClass.java:31)
at java.base/jdk.internal.reflect.DirectMethodHandleAccessor.invoke(DirectMethodHandleAccessor.java:103)
at java.base/java.lang.reflect.Method.invoke(Method.java:580)
at org.testng.internal.MethodInvocationHelper.invokeMethod(MethodInvocationHelper.java:133)
at org.testng.internal.MethodInvocationHelper.invokeMethodConsideringTimeout(MethodInvocationHelper.java:62)
at org.testng.internal.ConfigInvoker.invokeConfigurationMethod(ConfigInvoker.java:385)
at org.testng.internal.ConfigInvoker.invokeConfigurations(ConfigInvoker.java:321)
at org.testng.internal.TestMethodWorker.invokeBeforeClassMethods(TestMethodWorker.java:176)
at org.testng.internal.TestMethodWorker.run(TestMethodWorker.java:122)
at java.base/java.util.ArrayList.forEach(ArrayList.java:1596)
at org.testng.TestRunner.privateRun(TestRunner.java:794)
at org.testng.TestRunner.run(TestRunner.java:596)
at org.testng.SuiteRunner.runTest(SuiteRunner.java:377)
at org.testng.SuiteRunner.runSequentially(SuiteRunner.java:371)
at org.testng.SuiteRunner.privateRun(SuiteRunner.java:332)
at org.testng.SuiteRunner.run(SuiteRunner.java:276)
at org.testng.SuiteRunnerWorker.runSuite(SuiteRunnerWorker.java:53)
at org.testng.SuiteRunnerWorker.run(SuiteRunnerWorker.java:96)
at org.testng.TestNG.runSuitesSequentially(TestNG.java:1212)
at org.testng.TestNG.runSuitesLocally(TestNG.java:1134)
at org.testng.TestNG.runSuites(TestNG.java:1063)
at org.testng.TestNG.run(TestNG.java:1031)
at org.testng.remote.AbstractRemoteTestNG.run(AbstractRemoteTestNG.java:115)
at org.testng.remote.RemoteTestNG.initAndRun(RemoteTestNG.java:293)
at org.testng.remote.RemoteTestNG.main(RemoteTestNG.java:91)
]]>
    </failure>
  </testcase> <!-- @BeforeClass launchBrowser -->
  <testcase classname="genricLibOrUtility.BaseClass" name="@BeforeMethod loginOperation" time="-1.722543614258E9">
    <skipped/>
  </testcase> <!-- @BeforeMethod loginOperation -->
  <testcase classname="genricLibOrUtility.BaseClass" name="@AfterMethod logoutOperation" time="-1.722543614298E9">
    <skipped/>
  </testcase> <!-- @AfterMethod logoutOperation -->
  <testcase classname="genricLibOrUtility.BaseClass" name="@AfterClass closeBrowser" time="-1.722543614316E9">
    <skipped/>
  </testcase> <!-- @AfterClass closeBrowser -->
  <testcase classname="tc_repository.ORG_01" name="ORG_01" time="0.0">
    <skipped/>
  </testcase> <!-- ORG_01 -->
</testsuite> <!-- Default test -->
